<?xml version="1.0" encoding="UTF-8"?>
<testsuite xmlns:xsi="http://www.w3.org/2001/XMLSchema-instance" xsi:noNamespaceSchemaLocation="https://maven.apache.org/surefire/maven-failsafe-plugin/xsd/failsafe-test-report-3.0.xsd" version="3.0" name="bdd.runner.Runner" time="22.296" tests="4" errors="0" skipped="0" failures="0">
  <properties>
[...]
</properties>
  <testcase name="Agregar dos productos al carrito &quot;https://www.demoblaze.com&quot;" classname="Compra" time="12.536">
    <system-err><![CDATA[jun 23, 2025 6:27:55 P. M. org.openqa.selenium.devtools.CdpVersionFinder findNearestMatch
WARNING: Unable to find CDP implementation matching 137
jun 23, 2025 6:27:55 P. M. org.openqa.selenium.chromium.ChromiumDriver lambda$new$5
WARNING: Unable to find version of CDP to use for 137.0.7151.120. You may need to include a dependency on a specific version of the CDP using something similar to `org.seleniumhq.selenium:selenium-devtools-v86:4.18.1` where the version ("v86") matches the version of the chromium-based browser you're using and the version number of the artifact is the same as Selenium's.
]]></system-err>
  </testcase>
  <testcase name="Visualizar el carrito &quot;Total&quot;" classname="Compra" time="3.741"/>
  <testcase name="Completar el Place order" classname="Compra" time="3.806"/>
  <testcase name="Finalizar la compra  &quot;Thank you for your purchase!&quot;" classname="Compra" time="0.427">
    <system-out><![CDATA[Thank you for your purchase!esto es
]]></system-out>
  </testcase>
</testsuite>